<?xml version="1.0" encoding="UTF-8"?>
<!-- Generated by org.testng.reporters.JUnitXMLReporter -->
<testsuite ignored="2" hostname="Lenovo" failures="0" tests="7" name="Default test" time="39.088" errors="0" timestamp="04 Dec 2021 02:09:59 GMT">
  <testcase classname="com.flipkart.test.Flipkart" name="homePage" time="3.215"/>
  <testcase classname="com.flipkart.test.Flipkart" name="scrollDown" time="4.142"/>
  <testcase classname="com.flipkart.test.Flipkart" name="windowHandle" time="0.499"/>
  <testcase classname="com.flipkart.test.Flipkart" name="addToCart" time="6.61"/>
  <testcase classname="com.flipkart.test.Flipkart" name="screenshot" time="1.552"/>
  <testcase classname="com.flipkart.test.Flipkart" name="screenshot" time="0.977"/>
  <testcase classname="com.flipkart.test.Flipkart" name="screenshot" time="0.785"/>
  <testcase classname="com.flipkart.test.Flipkart" name="assertionE" time="0.0">
    <ignored/>
  </testcase> <!-- assertionE -->
  <testcase classname="com.flipkart.test.Flipkart" name="assertionF" time="0.0">
    <ignored/>
  </testcase> <!-- assertionF -->
</testsuite> <!-- Default test -->
