<?xml version="1.0" encoding="UTF-8"?>
<testng-results ignored="0" total="6" passed="4" failed="2" skipped="0">
  <reporter-output>
  </reporter-output>
  <suite started-at="2021-12-03T06:24:12Z" name="Default suite" finished-at="2021-12-03T06:24:58Z" duration-ms="45879">
    <groups>
    </groups>
    <test started-at="2021-12-03T06:24:12Z" name="Default test" finished-at="2021-12-03T06:24:58Z" duration-ms="45879">
      <class name="com.flipkart.test.Flipkart">
        <test-method is-config="true" signature="browserLaunch()[pri:0, instance:com.flipkart.test.Flipkart@3148f668]" started-at="2021-12-03T11:54:12Z" name="browserLaunch" finished-at="2021-12-03T11:54:31Z" duration-ms="18878" status="PASS">
          <reporter-output>
          </reporter-output>
        </test-method> <!-- browserLaunch -->
        <test-method is-config="true" signature="startTime()[pri:0, instance:com.flipkart.test.Flipkart@3148f668]" started-at="2021-12-03T11:54:31Z" name="startTime" finished-at="2021-12-03T11:54:31Z" duration-ms="1" status="PASS">
          <reporter-output>
          </reporter-output>
        </test-method> <!-- startTime -->
        <test-method signature="homePage()[pri:-5, instance:com.flipkart.test.Flipkart@3148f668]" started-at="2021-12-03T11:54:31Z" name="homePage" finished-at="2021-12-03T11:54:40Z" duration-ms="8675" status="PASS">
          <reporter-output>
          </reporter-output>
        </test-method> <!-- homePage -->
        <test-method is-config="true" signature="endTime()[pri:0, instance:com.flipkart.test.Flipkart@3148f668]" started-at="2021-12-03T11:54:40Z" name="endTime" finished-at="2021-12-03T11:54:40Z" duration-ms="1" status="PASS">
          <reporter-output>
          </reporter-output>
        </test-method> <!-- endTime -->
        <test-method is-config="true" signature="startTime()[pri:0, instance:com.flipkart.test.Flipkart@3148f668]" started-at="2021-12-03T11:54:40Z" name="startTime" finished-at="2021-12-03T11:54:40Z" duration-ms="1" status="PASS">
          <reporter-output>
          </reporter-output>
        </test-method> <!-- startTime -->
        <test-method signature="scrollDown()[pri:-4, instance:com.flipkart.test.Flipkart@3148f668]" started-at="2021-12-03T11:54:40Z" name="scrollDown" finished-at="2021-12-03T11:54:44Z" duration-ms="4167" status="PASS">
          <reporter-output>
          </reporter-output>
        </test-method> <!-- scrollDown -->
        <test-method is-config="true" signature="endTime()[pri:0, instance:com.flipkart.test.Flipkart@3148f668]" started-at="2021-12-03T11:54:44Z" name="endTime" finished-at="2021-12-03T11:54:44Z" duration-ms="1" status="PASS">
          <reporter-output>
          </reporter-output>
        </test-method> <!-- endTime -->
        <test-method is-config="true" signature="startTime()[pri:0, instance:com.flipkart.test.Flipkart@3148f668]" started-at="2021-12-03T11:54:44Z" name="startTime" finished-at="2021-12-03T11:54:44Z" duration-ms="1" status="PASS">
          <reporter-output>
          </reporter-output>
        </test-method> <!-- startTime -->
        <test-method signature="windowHandle()[pri:-3, instance:com.flipkart.test.Flipkart@3148f668]" started-at="2021-12-03T11:54:44Z" name="windowHandle" finished-at="2021-12-03T11:54:44Z" duration-ms="213" status="PASS">
          <reporter-output>
          </reporter-output>
        </test-method> <!-- windowHandle -->
        <test-method is-config="true" signature="endTime()[pri:0, instance:com.flipkart.test.Flipkart@3148f668]" started-at="2021-12-03T11:54:44Z" name="endTime" finished-at="2021-12-03T11:54:44Z" duration-ms="0" status="PASS">
          <reporter-output>
          </reporter-output>
        </test-method> <!-- endTime -->
        <test-method is-config="true" signature="startTime()[pri:0, instance:com.flipkart.test.Flipkart@3148f668]" started-at="2021-12-03T11:54:44Z" name="startTime" finished-at="2021-12-03T11:54:44Z" duration-ms="0" status="PASS">
          <reporter-output>
          </reporter-output>
        </test-method> <!-- startTime -->
        <test-method signature="addToCart()[pri:-2, instance:com.flipkart.test.Flipkart@3148f668]" started-at="2021-12-03T11:54:44Z" name="addToCart" finished-at="2021-12-03T11:54:53Z" duration-ms="8648" status="PASS">
          <reporter-output>
          </reporter-output>
        </test-method> <!-- addToCart -->
        <test-method is-config="true" signature="endTime()[pri:0, instance:com.flipkart.test.Flipkart@3148f668]" started-at="2021-12-03T11:54:53Z" name="endTime" finished-at="2021-12-03T11:54:53Z" duration-ms="0" status="PASS">
          <reporter-output>
          </reporter-output>
        </test-method> <!-- endTime -->
        <test-method is-config="true" signature="startTime()[pri:0, instance:com.flipkart.test.Flipkart@3148f668]" started-at="2021-12-03T11:54:53Z" name="startTime" finished-at="2021-12-03T11:54:53Z" duration-ms="0" status="PASS">
          <reporter-output>
          </reporter-output>
        </test-method> <!-- startTime -->
        <test-method signature="assertionE()[pri:-1, instance:com.flipkart.test.Flipkart@3148f668]" started-at="2021-12-03T11:54:53Z" name="assertionE" finished-at="2021-12-03T11:54:53Z" duration-ms="331" status="FAIL">
          <exception class="java.lang.AssertionError">
            <message>
              <![CDATA[expected [true] but found [false]]]>
            </message>
            <full-stacktrace>
              <![CDATA[java.lang.AssertionError: expected [true] but found [false]at org.testng.Assert.fail(Assert.java:96)at org.testng.Assert.failNotEquals(Assert.java:776)at org.testng.Assert.assertTrue(Assert.java:44)at org.testng.Assert.assertTrue(Assert.java:54)at com.flipkart.test.Flipkart.assertionE(Flipkart.java:129)at java.base/jdk.internal.reflect.NativeMethodAccessorImpl.invoke0(Native Method)at java.base/jdk.internal.reflect.NativeMethodAccessorImpl.invoke(NativeMethodAccessorImpl.java:78)at java.base/jdk.internal.reflect.DelegatingMethodAccessorImpl.invoke(DelegatingMethodAccessorImpl.java:43)at java.base/java.lang.reflect.Method.invoke(Method.java:567)at org.testng.internal.MethodInvocationHelper.invokeMethod(MethodInvocationHelper.java:124)at org.testng.internal.Invoker.invokeMethod(Invoker.java:571)at org.testng.internal.Invoker.invokeTestMethod(Invoker.java:707)at org.testng.internal.Invoker.invokeTestMethods(Invoker.java:979)at org.testng.internal.TestMethodWorker.invokeTestMethods(TestMethodWorker.java:125)at org.testng.internal.TestMethodWorker.run(TestMethodWorker.java:109)at org.testng.TestRunner.privateRun(TestRunner.java:648)at org.testng.TestRunner.run(TestRunner.java:505)at org.testng.SuiteRunner.runTest(SuiteRunner.java:455)at org.testng.SuiteRunner.runSequentially(SuiteRunner.java:450)at org.testng.SuiteRunner.privateRun(SuiteRunner.java:415)at org.testng.SuiteRunner.run(SuiteRunner.java:364)at org.testng.SuiteRunnerWorker.runSuite(SuiteRunnerWorker.java:52)at org.testng.SuiteRunnerWorker.run(SuiteRunnerWorker.java:84)at org.testng.TestNG.runSuitesSequentially(TestNG.java:1187)at org.testng.TestNG.runSuitesLocally(TestNG.java:1116)at org.testng.TestNG.runSuites(TestNG.java:1028)at org.testng.TestNG.run(TestNG.java:996)at org.testng.remote.AbstractRemoteTestNG.run(AbstractRemoteTestNG.java:115)at org.testng.remote.RemoteTestNG.initAndRun(RemoteTestNG.java:251)at org.testng.remote.RemoteTestNG.main(RemoteTestNG.java:77)]]>
            </full-stacktrace>
          </exception> <!-- java.lang.AssertionError -->
          <reporter-output>
          </reporter-output>
        </test-method> <!-- assertionE -->
        <test-method is-config="true" signature="endTime()[pri:0, instance:com.flipkart.test.Flipkart@3148f668]" started-at="2021-12-03T11:54:53Z" name="endTime" finished-at="2021-12-03T11:54:53Z" duration-ms="1" status="PASS">
          <reporter-output>
          </reporter-output>
        </test-method> <!-- endTime -->
        <test-method is-config="true" signature="startTime()[pri:0, instance:com.flipkart.test.Flipkart@3148f668]" started-at="2021-12-03T11:54:53Z" name="startTime" finished-at="2021-12-03T11:54:53Z" duration-ms="0" status="PASS">
          <reporter-output>
          </reporter-output>
        </test-method> <!-- startTime -->
        <test-method signature="assertionF()[pri:0, instance:com.flipkart.test.Flipkart@3148f668]" started-at="2021-12-03T11:54:53Z" name="assertionF" finished-at="2021-12-03T11:54:56Z" duration-ms="3239" status="FAIL">
          <exception class="java.lang.NullPointerException">
            <message>
              <![CDATA[Cannot invoke "String.equals(Object)" because "com.flipkart.test.Flipkart.text2" is null]]>
            </message>
            <full-stacktrace>
              <![CDATA[java.lang.NullPointerException: Cannot invoke "String.equals(Object)" because "com.flipkart.test.Flipkart.text2" is nullat com.flipkart.test.Flipkart.assertionF(Flipkart.java:137)at java.base/jdk.internal.reflect.NativeMethodAccessorImpl.invoke0(Native Method)at java.base/jdk.internal.reflect.NativeMethodAccessorImpl.invoke(NativeMethodAccessorImpl.java:78)at java.base/jdk.internal.reflect.DelegatingMethodAccessorImpl.invoke(DelegatingMethodAccessorImpl.java:43)at java.base/java.lang.reflect.Method.invoke(Method.java:567)at org.testng.internal.MethodInvocationHelper.invokeMethod(MethodInvocationHelper.java:124)at org.testng.internal.Invoker.invokeMethod(Invoker.java:571)at org.testng.internal.Invoker.invokeTestMethod(Invoker.java:707)at org.testng.internal.Invoker.invokeTestMethods(Invoker.java:979)at org.testng.internal.TestMethodWorker.invokeTestMethods(TestMethodWorker.java:125)at org.testng.internal.TestMethodWorker.run(TestMethodWorker.java:109)at org.testng.TestRunner.privateRun(TestRunner.java:648)at org.testng.TestRunner.run(TestRunner.java:505)at org.testng.SuiteRunner.runTest(SuiteRunner.java:455)at org.testng.SuiteRunner.runSequentially(SuiteRunner.java:450)at org.testng.SuiteRunner.privateRun(SuiteRunner.java:415)at org.testng.SuiteRunner.run(SuiteRunner.java:364)at org.testng.SuiteRunnerWorker.runSuite(SuiteRunnerWorker.java:52)at org.testng.SuiteRunnerWorker.run(SuiteRunnerWorker.java:84)at org.testng.TestNG.runSuitesSequentially(TestNG.java:1187)at org.testng.TestNG.runSuitesLocally(TestNG.java:1116)at org.testng.TestNG.runSuites(TestNG.java:1028)at org.testng.TestNG.run(TestNG.java:996)at org.testng.remote.AbstractRemoteTestNG.run(AbstractRemoteTestNG.java:115)at org.testng.remote.RemoteTestNG.initAndRun(RemoteTestNG.java:251)at org.testng.remote.RemoteTestNG.main(RemoteTestNG.java:77)]]>
            </full-stacktrace>
          </exception> <!-- java.lang.NullPointerException -->
          <reporter-output>
          </reporter-output>
        </test-method> <!-- assertionF -->
        <test-method is-config="true" signature="endTime()[pri:0, instance:com.flipkart.test.Flipkart@3148f668]" started-at="2021-12-03T11:54:56Z" name="endTime" finished-at="2021-12-03T11:54:56Z" duration-ms="3" status="PASS">
          <reporter-output>
          </reporter-output>
        </test-method> <!-- endTime -->
        <test-method is-config="true" signature="quit()[pri:0, instance:com.flipkart.test.Flipkart@3148f668]" started-at="2021-12-03T11:54:56Z" name="quit" finished-at="2021-12-03T11:54:58Z" duration-ms="1538" status="PASS">
          <reporter-output>
          </reporter-output>
        </test-method> <!-- quit -->
      </class> <!-- com.flipkart.test.Flipkart -->
    </test> <!-- Default test -->
  </suite> <!-- Default suite -->
</testng-results>
